SF:src/TerraDG.jl
DA:1,24
DA:36,4397
DA:37,53418000
DA:38,4397
DA:39,4397
DA:40,4397
DA:43,6
DA:45,21
DA:46,26
DA:47,21
DA:48,21
DA:49,21
DA:50,21
DA:51,21
DA:52,21
DA:53,21
DA:54,21
DA:62,6
DA:64,6
DA:65,6
DA:66,6
DA:67,6
DA:68,6
DA:69,6
DA:70,6
DA:71,6
DA:72,6
DA:74,6
DA:77,6
DA:78,6
DA:80,6
DA:81,6
DA:82,6
DA:85,6
DA:86,1
DA:87,1
DA:88,1
DA:89,1
DA:91,5
DA:92,2007
DA:93,2002
DA:94,1997
DA:95,1997
DA:97,1997
DA:99,1997
DA:101,1997
DA:102,1162
DA:103,1162
DA:105,1997
DA:106,1997
DA:107,4395
DA:110,1997
DA:111,1997
DA:112,1997
DA:113,1997
DA:115,5
DA:116,5
DA:119,2002
DA:120,147
DA:121,147
DA:122,147
DA:123,147
DA:125,2002
DA:126,2002
DA:127,5
DA:128,5
DA:129,2
LH:67
LF:67
end_of_record
SF:src/accelerators/amdgpu.jl
LH:0
LF:0
end_of_record
SF:src/accelerators/cuda.jl
LH:0
LF:0
end_of_record
SF:src/basis.jl
DA:11,63048
DA:12,63103
DA:15,46656910
DA:16,46656910
DA:17,46656910
DA:18,129604410
DA:19,129604410
DA:20,129604400
DA:22,212551910
DA:23,0
DA:32,31528
DA:33,31732
DA:46,156
DA:47,312
DA:50,156
DA:73,259
DA:74,259
DA:75,141
DA:85,1242
DA:92,3185996
DA:93,3185996
DA:101,36
DA:102,0
DA:111,3182430
DA:112,3182430
DA:113,3182430
DA:114,22522480
DA:115,41861680
DA:116,3182430
DA:129,54
DA:131,54
DA:132,54
DA:133,1309
DA:134,54
DA:135,101
DA:136,1526
DA:137,763
DA:138,54
DA:148,24
DA:149,24
DA:151,24
DA:152,24
DA:163,10
DA:164,10
DA:165,10
DA:166,3013
DA:167,3013
DA:168,10
DA:170,10
DA:171,133
DA:172,3013
DA:173,3013
DA:174,3013
DA:175,3013
DA:176,3013
DA:177,3145
DA:178,142
DA:179,10
DA:188,112
DA:189,112
DA:190,112
DA:191,28
DA:192,84
DA:193,28
DA:194,56
DA:195,28
DA:196,28
DA:197,28
DA:209,112
DA:210,112
DA:211,112
DA:212,112
DA:213,112
DA:223,0
DA:224,0
DA:228,1162
DA:229,10458
DA:230,1162
DA:231,1162
DA:233,1162
DA:234,10458
DA:235,10458
DA:236,0
LH:78
LF:83
end_of_record
SF:src/configuration.jl
DA:27,15
DA:28,15
DA:29,15
DA:30,15
DA:31,15
DA:32,15
DA:33,3
DA:34,12
DA:35,12
DA:37,15
DA:39,15
DA:40,15
DA:42,15
DA:43,15
DA:44,0
DA:45,15
DA:46,15
DA:47,0
DA:48,0
DA:50,0
DA:53,15
DA:54,15
DA:55,15
DA:56,15
DA:58,15
DA:59,15
DA:60,15
DA:61,15
DA:62,15
DA:63,15
DA:64,15
DA:65,15
DA:66,15
DA:68,15
DA:94,21
DA:95,21
DA:96,15
DA:97,12
DA:98,6
DA:99,6
DA:101,12
DA:102,6
DA:103,6
DA:105,0
DA:106,0
DA:107,0
DA:108,0
DA:109,0
DA:110,0
DA:112,0
DA:113,0
DA:114,0
DA:115,0
DA:117,0
DA:118,0
DA:119,0
DA:120,0
DA:121,0
DA:122,0
DA:124,0
DA:128,0
LH:39
LF:61
end_of_record
SF:src/equations/acoustic.jl
DA:2,4
DA:5,4
DA:6,2
DA:12,1
DA:13,0
DA:16,37601
DA:20,75202
DA:21,37601
DA:24,6402
DA:25,3201
DA:36,3201
DA:39,2
DA:40,0
DA:42,32001
DA:46,64002
DA:47,32001
DA:50,32002
DA:60,16001
DA:63,2
DA:64,0
DA:68,417602
DA:69,417602
DA:70,417602
DA:71,417602
DA:72,417602
DA:73,417602
DA:74,417602
DA:75,417602
DA:78,417602
DA:79,1531206
DA:80,417602
DA:81,1531206
DA:82,1531206
DA:85,1531206
DA:86,417602
DA:87,417602
DA:88,1531206
DA:89,417602
DA:94,1463202
DA:95,1463202
DA:96,1463202
DA:97,1463202
LH:39
LF:42
end_of_record
SF:src/equations/advection.jl
DA:1,17
DA:4,17
DA:7,1
DA:8,0
DA:11,36002
DA:12,18001
DA:13,18001
DA:16,2
DA:17,0
DA:20,1
DA:24,2
DA:26,1
DA:30,481201
DA:31,481201
DA:32,481201
DA:33,481201
DA:34,481201
DA:35,481201
DA:36,481201
DA:37,481201
DA:38,481201
DA:39,481201
DA:40,481201
DA:41,481201
DA:42,481201
DA:43,481201
DA:46,1
DA:48,0
LH:25
LF:28
end_of_record
SF:src/equations/euler.jl
DA:1,4
DA:4,2
DA:6,1026882
DA:7,1026882
DA:8,1026882
DA:9,1026882
DA:10,1026882
DA:11,1026882
DA:13,1026882
DA:14,1026882
DA:17,1026882
DA:19,8658246
DA:20,8658246
DA:21,8658246
DA:22,8658246
DA:25,8658246
DA:26,8658246
DA:27,8658246
DA:28,8658246
DA:29,8658246
DA:34,3817282
DA:35,3817282
DA:36,3817282
DA:37,3817282
DA:38,3817282
DA:39,3817282
DA:41,3817282
DA:42,3817282
DA:43,3817282
DA:45,5725922
DA:46,3817282
DA:48,3817282
DA:51,7202
DA:53,7202
DA:54,7202
DA:59,1
DA:60,0
DA:63,2
DA:64,0
DA:67,7202
DA:68,3601
DA:69,3601
DA:70,3601
DA:71,3601
DA:72,3601
DA:75,0
DA:79,0
DA:80,0
DA:84,1
DA:85,0
DA:88,2
DA:89,0
DA:92,97281
DA:93,97281
DA:94,97281
DA:95,194562
DA:96,97281
DA:99,9002
DA:100,3601
DA:101,5402
DA:102,2700
DA:103,2700
DA:105,901
DA:106,901
DA:108,3601
DA:109,3601
LH:59
LF:66
end_of_record
SF:src/equations/sibson.jl
DA:1,2
DA:4,2
DA:7,1
DA:8,0
DA:11,36002
DA:12,18001
DA:13,18001
DA:16,1
DA:17,0
DA:20,1
DA:21,0
DA:24,1
DA:25,0
LH:9
LF:13
end_of_record
SF:src/equations.jl
DA:12,0
DA:13,0
DA:14,0
DA:15,0
DA:21,0
DA:22,0
DA:26,0
DA:27,0
DA:38,655
DA:39,681
DA:48,1
DA:49,0
DA:59,0
DA:60,0
DA:73,0
DA:74,0
DA:83,0
DA:84,0
DA:93,0
DA:94,0
DA:104,0
DA:105,0
DA:144,8
DA:145,12
DA:146,4
DA:147,4
DA:148,655
DA:149,2923
DA:152,148
DA:153,0
DA:156,0
DA:157,0
DA:160,0
DA:161,0
DA:164,7303450
DA:168,106078430
DA:169,106078430
DA:174,4
DA:175,13
DA:176,106078430
DA:177,106078430
DA:180,0
DA:181,0
DA:184,13
DA:187,4
DA:200,27
DA:201,27
DA:202,17
DA:203,10
DA:204,2
DA:205,8
DA:206,4
DA:207,4
DA:208,4
DA:210,0
DA:219,27
DA:220,27
DA:221,17
DA:222,10
DA:223,2
DA:224,8
DA:225,4
DA:226,4
DA:227,2
DA:228,2
DA:229,2
DA:231,0
LH:39
LF:67
end_of_record
SF:src/error_writer.jl
LH:0
LF:0
end_of_record
SF:src/global_matrices.jl
DA:29,22
DA:30,22
DA:31,22
DA:32,22
DA:33,22
DA:35,22
DA:36,22
DA:37,22
DA:39,22
DA:41,22
DA:42,22
DA:44,22
DA:45,22
DA:46,66
DA:49,25
DA:50,25
DA:52,22
LH:17
LF:17
end_of_record
SF:src/grid.jl
DA:26,40708
DA:51,29
DA:70,6
DA:71,6
DA:99,162800
DA:100,162800
DA:101,162800
DA:102,162800
DA:103,162800
DA:104,910
DA:105,910
DA:106,161890
DA:107,910
DA:108,910
DA:110,162800
DA:111,910
DA:112,910
DA:113,161890
DA:114,910
DA:115,910
DA:117,162800
DA:118,156400
DA:120,162800
DA:129,23
DA:130,23
DA:131,23
DA:132,23
DA:133,23
DA:134,40700
DA:135,162800
DA:136,40700
DA:137,40700
DA:138,40700
DA:139,162800
DA:140,324690
DA:141,162800
DA:142,162800
DA:143,284900
DA:144,40700
DA:145,40723
DA:146,23
DA:157,23
DA:158,23
DA:159,23
DA:160,23
DA:161,23
DA:162,23
DA:163,23
DA:164,23
DA:165,23
DA:166,23
DA:167,23
DA:170,0
DA:171,0
DA:179,23
DA:180,23
DA:194,62408
DA:195,124815
DA:196,2
DA:198,62406
DA:209,3
DA:210,3
DA:211,6
DA:212,0
DA:214,0
DA:223,8837203
DA:225,8837203
DA:234,7035203
DA:235,21105609
DA:236,7035203
DA:237,7035203
DA:238,7035203
DA:239,7035203
DA:240,0
DA:249,22
DA:250,22
LH:71
LF:76
end_of_record
SF:src/kernels/eigenvalue.jl
DA:3,5
DA:4,5
DA:6,5
DA:7,0
DA:8,2000
DA:9,2000
DA:10,2000
DA:12,5
DA:13,5
DA:14,5
DA:15,5
DA:16,5
DA:17,5
LH:12
LF:13
end_of_record
SF:src/kernels/flux.jl
DA:11,4397
DA:12,4397
DA:13,4397
DA:14,4397
DA:15,4397
DA:16,0
DA:17,1758800
DA:18,1758800
DA:19,1758800
DA:21,4397
DA:22,4397
DA:23,4397
LH:11
LF:12
end_of_record
SF:src/kernels/initial_condition.jl
DA:10,7
DA:11,7
DA:12,7
DA:13,7
DA:14,7
DA:15,7
DA:16,0
DA:17,2800
DA:18,2800
DA:19,2800
DA:20,2800
DA:21,19200
DA:22,19200
DA:23,35600
DA:25,7
DA:26,7
DA:27,7
LH:16
LF:17
end_of_record
SF:src/kernels/slope_limiting.jl
DA:9,21
DA:10,21
DA:21,1162
DA:22,1162
DA:23,1162
DA:24,1162
DA:26,1162
DA:27,1162
DA:28,1162
DA:30,1162
DA:31,1162
DA:33,1162
DA:34,0
DA:35,464800
DA:36,464800
DA:37,1859200
DA:38,1859200
DA:39,1859200
DA:40,1859200
DA:41,1859200
DA:43,1859200
DA:44,16732800
DA:45,16732800
DA:46,16732800
DA:47,16732800
DA:48,16732800
DA:49,18592000
DA:50,3253600
DA:53,1162
DA:54,1162
DA:55,1162
DA:56,1162
DA:59,3718400
DA:60,3718400
DA:61,3718400
DA:70,1162
DA:71,1162
DA:72,1162
DA:74,1162
DA:75,1162
DA:77,1162
DA:78,1162
DA:79,1162
DA:81,1162
DA:82,1162
DA:85,1162
DA:86,0
DA:87,464800
DA:88,464800
DA:89,464800
DA:91,464800
DA:92,464800
DA:93,1859200
DA:94,1859200
DA:95,1859200
DA:97,1859200
DA:100,1859200
DA:101,1859200
DA:103,1859200
DA:104,3669760
DA:105,3669760
DA:106,1859200
DA:108,1859200
DA:109,1859200
DA:110,1859200
DA:111,3669760
DA:112,3669760
DA:113,1859200
DA:115,1859200
DA:116,1859200
DA:118,1859200
DA:119,1859200
DA:121,1859200
DA:123,1859200
DA:124,16732800
DA:125,16732800
DA:127,16732800
DA:128,16732800
DA:130,16732800
DA:131,16732800
DA:132,18592000
DA:133,3253600
DA:135,1162
DA:136,1162
DA:137,1162
DA:138,1162
LH:84
LF:86
end_of_record
SF:src/kernels/surface.jl
DA:13,5276405
DA:14,5276405
DA:15,62174450
DA:16,56898045
DA:17,56898045
DA:18,160254165
DA:19,263610285
DA:20,56898045
DA:22,5276405
DA:33,5276405
DA:34,5276405
DA:35,62174450
DA:36,56898045
DA:37,56898045
DA:38,160254165
DA:39,263610285
DA:40,56898045
DA:42,5276405
DA:52,5276405
DA:53,5276405
DA:54,62174450
DA:55,56898045
DA:56,56898045
DA:57,160254165
DA:58,263610285
DA:59,56898045
DA:61,5276405
DA:71,5276405
DA:72,5276405
DA:73,62174450
DA:74,56898045
DA:75,56898045
DA:76,160254165
DA:77,263610285
DA:78,56898045
DA:80,5276405
DA:89,7035200
DA:91,7035200
DA:92,7035200
DA:93,7035200
DA:94,7035200
DA:95,7035200
DA:96,7035200
DA:98,7035200
DA:108,1758805
DA:109,1758805
DA:110,1758805
DA:113,1758805
DA:114,1758805
DA:115,1758805
DA:118,1758805
DA:119,1758805
DA:120,1758805
DA:123,1758805
DA:124,1758805
DA:125,1758805
DA:138,4397
DA:139,4397
DA:140,4397
DA:142,4397
DA:143,4397
DA:144,4397
DA:145,4397
DA:146,4397
DA:147,4397
DA:148,4397
DA:151,4397
DA:152,4397
DA:153,4397
DA:154,4397
DA:157,4397
DA:158,0
DA:161,3434160
DA:162,1848800
DA:163,924400
DA:164,924400
DA:165,924400
DA:166,924400
DA:168,924400
DA:169,924400
DA:170,924400
DA:171,924400
DA:174,1585360
DA:175,792680
DA:176,792680
DA:177,792680
DA:178,792680
DA:181,792680
DA:182,792680
DA:183,792680
DA:184,792680
DA:189,3434160
DA:190,3434160
DA:191,3434160
DA:192,3434160
DA:195,3434160
DA:196,3434160
DA:197,3434160
DA:199,3434160
DA:200,3434160
DA:203,3434160
DA:204,3434160
DA:206,3434160
DA:207,3434160
DA:209,3434160
DA:213,3434160
DA:214,3434160
DA:215,3434160
DA:216,3434160
DA:217,27601440
DA:218,104388960
DA:219,181176480
DA:220,51768720
DA:222,3434160
DA:223,3434160
DA:224,3434160
DA:225,3434160
DA:226,27601440
DA:227,104388960
DA:228,181176480
DA:229,51768720
DA:232,4397
DA:233,0
DA:236,166880
DA:237,41720
DA:238,41720
DA:239,125160
DA:240,41720
DA:241,41720
DA:242,83440
DA:243,41720
DA:244,41720
DA:246,41720
DA:247,41720
DA:251,166880
DA:252,166880
DA:255,333760
DA:256,166880
DA:257,166880
DA:260,166880
DA:261,166880
DA:262,166880
DA:264,166880
DA:267,166880
DA:268,166880
DA:270,166880
DA:271,166880
DA:272,166880
DA:274,166880
DA:277,166880
DA:278,166880
DA:279,166880
DA:283,166880
DA:284,1153920
DA:285,4894080
DA:286,8634240
DA:287,2140960
DA:292,4397
DA:293,4397
DA:296,4397
DA:297,2311
DA:298,2311
DA:300,2311
DA:302,2311
DA:305,2086
DA:307,2086
DA:309,2086
DA:312,2086
DA:314,2086
DA:316,2086
DA:318,2086
DA:320,2086
DA:324,4397
DA:327,4397
DA:328,4397
LH:173
LF:175
end_of_record
SF:src/kernels/time.jl
DA:25,1
DA:26,1
DA:27,1
DA:37,0
DA:38,0
DA:39,0
DA:40,0
DA:41,0
DA:55,5
DA:56,5
DA:57,5
DA:58,5
DA:70,1597
DA:71,20212800
DA:72,20212800
DA:74,1597
DA:75,3194
DA:77,1597
DA:79,1597
DA:95,16
DA:96,16
DA:97,16
DA:98,16
DA:99,16
DA:110,401
DA:111,4330800
DA:112,4330800
DA:113,4330800
DA:115,401
DA:116,802
DA:118,401
DA:119,802
DA:122,401
DA:125,401
DA:134,22
DA:135,22
DA:136,1
DA:137,21
DA:138,5
DA:139,16
DA:140,16
DA:142,0
LH:36
LF:42
end_of_record
SF:src/kernels/volume.jl
DA:5,22
DA:6,22
DA:7,22
DA:8,22
DA:9,22
DA:10,448
DA:11,426
DA:12,426
DA:13,426
DA:15,22
DA:18,22
DA:21,1758805
DA:22,1758805
DA:23,1758805
DA:24,55176970
DA:25,53418165
DA:26,53418165
DA:27,53418165
DA:28,153294675
DA:29,253171185
DA:30,53418165
DA:32,1758805
DA:35,1758805
DA:36,1758805
DA:37,1758805
DA:38,55176970
DA:39,53418165
DA:40,53418165
DA:41,53418165
DA:42,153294675
DA:43,253171185
DA:44,53418165
DA:46,1758805
DA:49,1758805
DA:50,1758805
DA:51,1758805
DA:52,1758805
DA:53,1758805
DA:54,1758805
DA:55,1758805
DA:58,4397
DA:59,4397
DA:60,4397
DA:61,4397
DA:62,4397
DA:63,4397
DA:64,4397
DA:66,4397
DA:67,0
DA:69,1758800
DA:70,1758800
DA:71,3517600
DA:72,1758800
DA:73,1758800
DA:74,3517600
DA:75,1758800
DA:76,1758800
DA:77,6902000
DA:78,53418000
DA:79,99934000
DA:80,12045200
DA:82,4397
DA:83,4397
DA:84,4397
LH:63
LF:64
end_of_record
SF:src/main.jl
LH:0
LF:0
end_of_record
SF:src/plotters.jl
LH:0
LF:0
end_of_record
